<?xml version="1.0" encoding="UTF-8"?>
<!-- Generated by org.testng.reporters.JUnitReportReporter -->
<testsuite hostname="XoomBox" name="com.openclinica.webtest.tests.SessionManagementTest" tests="1" failures="0" timestamp="4 Sep 2014 17:40:50 GMT" time="15.155" errors="0">
  <testcase name="main" time="15.155" classname="com.openclinica.webtest.tests.SessionManagementTest"/>
</testsuite> <!-- com.openclinica.webtest.tests.SessionManagementTest -->
