<?xml version="1.0" encoding="UTF-8"?>
<!-- Generated by org.testng.reporters.JUnitReportReporter -->
<testsuite hostname="XoomBox" name="com.openclinica.webtest.tests.CheckPatientTest" tests="1" failures="0" timestamp="8 Sep 2014 15:47:33 GMT" time="11.657" errors="0">
  <testcase name="main" time="11.657" classname="com.openclinica.webtest.tests.CheckPatientTest"/>
</testsuite>
