<?xml version="1.0" encoding="UTF-8"?>
<!-- Generated by org.testng.reporters.JUnitReportReporter -->
<testsuite hostname="XoomBox" name="com.openclinica.webtest.tests.SessionManagementTest" tests="1" failures="0" timestamp="4 Sep 2014 22:01:26 GMT" time="8.934" errors="0">
  <testcase name="main" time="8.934" classname="com.openclinica.webtest.tests.SessionManagementTest"/>
</testsuite>
