<?xml version="1.0" encoding="UTF-8"?>
<!-- Generated by org.testng.reporters.JUnitReportReporter -->
<testsuite hostname="XoomBox" name="com.openclinica.webtest.tests.SessionManagementTest" tests="1" failures="0" timestamp="5 Sep 2014 21:11:06 GMT" time="7.600" errors="0">
  <testcase name="main" time="7.600" classname="com.openclinica.webtest.tests.SessionManagementTest"/>
</testsuite>
